<?xml version="1.0" encoding="UTF-8"?>
<!-- Generated by org.testng.reporters.JUnitReportReporter -->
<testsuite hostname="Sasikumar" failures="0" tests="1" name="org.myproject.testcases.FirstScenarioTestCase" time="3.905" errors="0" timestamp="2023-11-13T21:20:11 IST" skipped="0">
  <testcase classname="org.myproject.testcases.FirstScenarioTestCase" name="performWithCorrectValidations" time="3.905"/>
</testsuite> <!-- org.myproject.testcases.FirstScenarioTestCase -->
