<?xml version="1.0" encoding="UTF-8"?>
<!-- Generated by org.testng.reporters.JUnitReportReporter -->
<testsuite hostname="Sasikumar" failures="0" tests="4" name="org.sasi.testcases.LoginTestCase" time="37.857" errors="0" timestamp="2023-11-14T12:17:50 IST" skipped="0">
  <testcase classname="org.sasi.testcases.LoginTestCase" name="profilePage" time="10.708"/>
  <testcase classname="org.sasi.testcases.LoginTestCase" name="makeAppointment" time="9.333"/>
  <testcase classname="org.sasi.testcases.LoginTestCase" name="performLogin" time="6.954"/>
  <testcase classname="org.sasi.testcases.LoginTestCase" name="History" time="10.862"/>
</testsuite> <!-- org.sasi.testcases.LoginTestCase -->
