<?xml version="1.0" encoding="UTF-8"?>
<!-- Generated by org.testng.reporters.JUnitReportReporter -->
<testsuite hostname="Sasikumar" failures="0" tests="1" name="org.sasi.testcases.Home" time="5.788" errors="0" timestamp="2023-11-13T22:02:51 IST" skipped="0">
  <testcase classname="org.sasi.testcases.Home" name="HomeScenario" time="5.788"/>
</testsuite> <!-- org.sasi.testcases.Home -->
