<?xml version="1.0" encoding="UTF-8"?>
<!-- Generated by org.testng.reporters.JUnitReportReporter -->
<testsuite hostname="Sasikumar" failures="0" tests="1" name="org.sasi.testcases.LoginScreen" time="6.679" errors="0" timestamp="2023-11-13T22:19:03 IST" skipped="0">
  <testcase classname="org.sasi.testcases.LoginScreen" name="loginWithCorrectCredentials" time="6.679"/>
</testsuite> <!-- org.sasi.testcases.LoginScreen -->
